[0.045s] Invoking command in '/home/theo/ros2_workspace/build/my_package': CMAKE_PREFIX_PATH=${CMAKE_PREFIX_PATH}:/home/theo/colcon_ws/install/autonomous_tb3:/opt/ros/foxy /usr/bin/cmake --build /home/theo/ros2_workspace/build/my_package -- -j12 -l12
[0.104s] [ 50%] [32mBuilding CXX object CMakeFiles/arduino_publisher.dir/src/arduino_publisher.cpp.o[0m
[0.133s] [100%] [32m[1mLinking CXX executable arduino_publisher[0m
[0.197s] /usr/bin/ld: /usr/lib/gcc/x86_64-linux-gnu/9/../../../x86_64-linux-gnu/Scrt1.o: in function `_start':
[0.197s] (.text+0x24): undefined reference to `main'
[0.197s] collect2: error: ld returned 1 exit status
[0.197s] make[2]: *** [CMakeFiles/arduino_publisher.dir/build.make:84: arduino_publisher] Error 1
[0.197s] make[1]: *** [CMakeFiles/Makefile2:78: CMakeFiles/arduino_publisher.dir/all] Error 2
[0.197s] make: *** [Makefile:141: all] Error 2
[0.234s] Invoked command in '/home/theo/ros2_workspace/build/my_package' returned '2': CMAKE_PREFIX_PATH=${CMAKE_PREFIX_PATH}:/home/theo/colcon_ws/install/autonomous_tb3:/opt/ros/foxy /usr/bin/cmake --build /home/theo/ros2_workspace/build/my_package -- -j12 -l12
