[ 50%] [32mBuilding CXX object CMakeFiles/arduino_publisher.dir/src/arduino_publisher.cpp.o[0m
In file included from [01m[K/home/theo/ros2_workspace/src/my_package/src/arduino_publisher.cpp:1[m[K:
[01m[K/home/theo/ros2_workspace/src/my_package/src/SerialPort.h:8:5:[m[K [01;31m[Kerror: [m[K‚Äò[01m[KHANDLE[m[K‚Äô does not name a type
    8 |     [01;31m[KHANDLE[m[K  m_hComm;
      |     [01;31m[K^~~~~~[m[K
[01m[K/home/theo/ros2_workspace/src/my_package/src/SerialPort.h:9:5:[m[K [01;31m[Kerror: [m[K‚Äò[01m[KDCB[m[K‚Äô does not name a type
    9 |     [01;31m[KDCB[m[K     m_dcb;
      |     [01;31m[K^~~[m[K
[01m[K/home/theo/ros2_workspace/src/my_package/src/SerialPort.h:10:5:[m[K [01;31m[Kerror: [m[K‚Äò[01m[KCOMMTIMEOUTS[m[K‚Äô does not name a type
   10 |     [01;31m[KCOMMTIMEOUTS[m[K m_CommTimeouts;
      |     [01;31m[K^~~~~~~~~~~~[m[K
[01m[K/home/theo/ros2_workspace/src/my_package/src/SerialPort.h:14:5:[m[K [01;31m[Kerror: [m[K‚Äò[01m[KDWORD[m[K‚Äô does not name a type
   14 |     [01;31m[KDWORD[m[K   m_iBytesWritten;
      |     [01;31m[K^~~~~[m[K
[01m[K/home/theo/ros2_workspace/src/my_package/src/SerialPort.h:15:5:[m[K [01;31m[Kerror: [m[K‚Äò[01m[KDWORD[m[K‚Äô does not name a type
   15 |     [01;31m[KDWORD[m[K   m_iBytesRead;
      |     [01;31m[K^~~~~[m[K
[01m[K/home/theo/ros2_workspace/src/my_package/src/SerialPort.h:16:5:[m[K [01;31m[Kerror: [m[K‚Äò[01m[KDWORD[m[K‚Äô does not name a type
   16 |     [01;31m[KDWORD[m[K   m_dwBytesRead;
      |     [01;31m[K^~~~~[m[K
[01m[K/home/theo/ros2_workspace/src/my_package/src/SerialPort.h:20:19:[m[K [01;31m[Kerror: [m[K‚Äò[01m[KBYTE[m[K‚Äô has not been declared
   20 |     bool ReadByte([01;31m[KBYTE[m[K &resp);
      |                   [01;31m[K^~~~[m[K
[01m[K/home/theo/ros2_workspace/src/my_package/src/SerialPort.h:21:19:[m[K [01;31m[Kerror: [m[K‚Äò[01m[KBYTE[m[K‚Äô has not been declared
   21 |     bool ReadByte([01;31m[KBYTE[m[K* &resp, UINT size);
      |                   [01;31m[K^~~~[m[K
[01m[K/home/theo/ros2_workspace/src/my_package/src/SerialPort.h:21:32:[m[K [01;31m[Kerror: [m[K‚Äò[01m[KUINT[m[K‚Äô has not been declared
   21 |     bool ReadByte(BYTE* &resp, [01;31m[KUINT[m[K size);
      |                                [01;31m[K^~~~[m[K
[01m[K/home/theo/ros2_workspace/src/my_package/src/SerialPort.h:22:20:[m[K [01;31m[Kerror: [m[K‚Äò[01m[KBYTE[m[K‚Äô has not been declared
   22 |     bool WriteByte([01;31m[KBYTE[m[K bybyte);
      |                    [01;31m[K^~~~[m[K
[01m[K/home/theo/ros2_workspace/src/my_package/src/SerialPort.h:23:19:[m[K [01;31m[Kerror: [m[K‚Äò[01m[KCString[m[K‚Äô has not been declared
   23 |     bool OpenPort([01;31m[KCString[m[K portname);
      |                   [01;31m[K^~~~~~~[m[K
[01m[K/home/theo/ros2_workspace/src/my_package/src/SerialPort.h:24:35:[m[K [01;31m[Kerror: [m[K‚Äò[01m[KDWORD[m[K‚Äô has not been declared
   24 |   bool SetCommunicationTimeouts([01;31m[KDWORD[m[K ReadIntervalTimeout,
      |                                 [01;31m[K^~~~~[m[K

[01m[K/home/theo/ros2_workspace/src/my_package/src/SerialPort.h:25:9:[m[K [01;31m[Kerror: [m[K‚Äò[01m[KDWORD[m[K‚Äô has not been declared
   25 |         [01;31m[KDWORD[m[K ReadTotalTimeoutMultiplier, DWORD ReadTotalTimeoutConstant,
      |         [01;31m[K^~~~~[m[K
[01m[K/home/theo/ros2_workspace/src/my_package/src/SerialPort.h:25:43:[m[K [01;31m[Kerror: [m[K‚Äò[01m[KDWORD[m[K‚Äô has not been declared
   25 | ORD ReadTotalTimeoutMultiplier, [01;31m[KDWORD[m[K ReadTotalTimeoutConstant,
      |                                 [01;31m[K^~~~~[m[K

[01m[K/home/theo/ros2_workspace/src/my_package/src/SerialPort.h:26:9:[m[K [01;31m[Kerror: [m[K‚Äò[01m[KDWORD[m[K‚Äô has not been declared
   26 |         [01;31m[KDWORD[m[K WriteTotalTimeoutMultiplier,DWORD WriteTotalTimeoutConstant);
      |         [01;31m[K^~~~~[m[K
[01m[K/home/theo/ros2_workspace/src/my_package/src/SerialPort.h:26:43:[m[K [01;31m[Kerror: [m[K‚Äò[01m[KDWORD[m[K‚Äô has not been declared
   26 | ORD WriteTotalTimeoutMultiplier,[01;31m[KDWORD[m[K WriteTotalTimeoutConstant);
      |                                 [01;31m[K^~~~~[m[K

[01m[K/home/theo/ros2_workspace/src/my_package/src/SerialPort.h:27:24:[m[K [01;31m[Kerror: [m[K‚Äò[01m[KDWORD[m[K‚Äô has not been declared
   27 |     bool ConfigurePort([01;31m[KDWORD[m[K BaudRate, BYTE ByteSize, DWORD fParity,
      |                        [01;31m[K^~~~~[m[K
[01m[K/home/theo/ros2_workspace/src/my_package/src/SerialPort.h:27:40:[m[K [01;31m[Kerror: [m[K‚Äò[01m[KBYTE[m[K‚Äô has not been declared
   27 | l ConfigurePort(DWORD BaudRate, [01;31m[KBYTE[m[K ByteSize, DWORD fParity,
      |                                 [01;31m[K^~~~[m[K

[01m[K/home/theo/ros2_workspace/src/my_package/src/SerialPort.h:27:55:[m[K [01;31m[Kerror: [m[K‚Äò[01m[KDWORD[m[K‚Äô has not been declared
   27 | t(DWORD BaudRate, BYTE ByteSize, [01;31m[KDWORD[m[K fParity,
      |                                  [01;31m[K^~~~~[m[K

[01m[K/home/theo/ros2_workspace/src/my_package/src/SerialPort.h:28:9:[m[K [01;31m[Kerror: [m[K‚Äò[01m[KBYTE[m[K‚Äô has not been declared
   28 |         [01;31m[KBYTE[m[K  Parity,BYTE StopBits);
      |         [01;31m[K^~~~[m[K
[01m[K/home/theo/ros2_workspace/src/my_package/src/SerialPort.h:28:22:[m[K [01;31m[Kerror: [m[K‚Äò[01m[KBYTE[m[K‚Äô has not been declared
   28 |         BYTE  Parity,[01;31m[KBYTE[m[K StopBits);
      |                      [01;31m[K^~~~[m[K
[01m[K/home/theo/ros2_workspace/src/my_package/src/SerialPort.h:1:1:[m[K [01;31m[Kerror: [m[Knew types may not be defined in a return type
    1 | [01;31m[Kclass[m[K CSerialPort
      | [01;31m[K^~~~~[m[K
[01m[K/home/theo/ros2_workspace/src/my_package/src/SerialPort.h:1:1:[m[K [01;36m[Knote: [m[K(perhaps a semicolon is missing after the definition of ‚Äò[01m[KCSerialPort[m[K‚Äô)
[01m[K/home/theo/ros2_workspace/src/my_package/src/arduino_publisher.cpp:3:26:[m[K [01;31m[Kerror: [m[Kreturn type specification for constructor invalid
    3 | CSerialPort::CSerialPort([01;31m[K)[m[K
      |                          [01;31m[K^[m[K
[01m[K/home/theo/ros2_workspace/src/my_package/src/arduino_publisher.cpp:11:6:[m[K [01;31m[Kerror: [m[K‚Äò[01m[Kbool CSerialPort::OpenPort[m[K‚Äô is not a static data member of ‚Äò[01m[Kclass CSerialPort[m[K‚Äô
   11 | bool [01;31m[KCSerialPort[m[K::OpenPort(CString portname)
      |      [01;31m[K^~~~~~~~~~~[m[K
[01m[K/home/theo/ros2_workspace/src/my_package/src/arduino_publisher.cpp:11:28:[m[K [01;31m[Kerror: [m[K‚Äò[01m[KCString[m[K‚Äô was not declared in this scope
   11 | bool CSerialPort::OpenPort([01;31m[KCString[m[K portname)
      |                            [01;31m[K^~~~~~~[m[K
[01m[K/home/theo/ros2_workspace/src/my_package/src/arduino_publisher.cpp:28:6:[m[K [01;31m[Kerror: [m[K‚Äò[01m[Kbool CSerialPort::ConfigurePort[m[K‚Äô is not a static data member of ‚Äò[01m[Kclass CSerialPort[m[K‚Äô
   28 | bool [01;31m[KCSerialPort[m[K::ConfigurePort(DWORD BaudRate, BYTE ByteSize, DWORD fParity,
      |      [01;31m[K^~~~~~~~~~~[m[K
[01m[K/home/theo/ros2_workspace/src/my_package/src/arduino_publisher.cpp:28:33:[m[K [01;31m[Kerror: [m[K‚Äò[01m[KDWORD[m[K‚Äô was not declared in this scope
   28 | bool CSerialPort::ConfigurePort([01;31m[KDWORD[m[K BaudRate, BYTE ByteSize, DWORD fParity,
      |                                 [01;31m[K^~~~~[m[K
[01m[K/home/theo/ros2_workspace/src/my_package/src/arduino_publisher.cpp:28:49:[m[K [01;31m[Kerror: [m[K‚Äò[01m[KBYTE[m[K‚Äô was not declared in this scope
   28 | ::ConfigurePort(DWORD BaudRate, [01;31m[KBYTE[m[K ByteSize, DWORD fParity,
      |                                 [01;31m[K^~~~[m[K

[01m[K/home/theo/ros2_workspace/src/my_package/src/arduino_publisher.cpp:28:64:[m[K [01;31m[Kerror: [m[K‚Äò[01m[KDWORD[m[K‚Äô was not declared in this scope
   28 | t(DWORD BaudRate, BYTE ByteSize, [01;31m[KDWORD[m[K fParity,
      |                                  [01;31m[K^~~~~[m[K

[01m[K/home/theo/ros2_workspace/src/my_package/src/arduino_publisher.cpp:29:9:[m[K [01;31m[Kerror: [m[K‚Äò[01m[KBYTE[m[K‚Äô was not declared in this scope
   29 |         [01;31m[KBYTE[m[K Parity, BYTE StopBits)
      |         [01;31m[K^~~~[m[K
[01m[K/home/theo/ros2_workspace/src/my_package/src/arduino_publisher.cpp:29:22:[m[K [01;31m[Kerror: [m[K‚Äò[01m[KBYTE[m[K‚Äô was not declared in this scope
   29 |         BYTE Parity, [01;31m[KBYTE[m[K StopBits)
      |                      [01;31m[K^~~~[m[K
[01m[K/home/theo/ros2_workspace/src/my_package/src/arduino_publisher.cpp:29:35:[m[K [01;31m[Kerror: [m[Kexpression list treated as compound expression in initializer [[01;31m[K-fpermissive[m[K]
   29 |         BYTE Parity, BYTE StopBits[01;31m[K)[m[K
      |                                   [01;31m[K^[m[K
[01m[K/home/theo/ros2_workspace/src/my_package/src/arduino_publisher.cpp:69:6:[m[K [01;31m[Kerror: [m[K‚Äò[01m[Kbool CSerialPort::SetCommunicationTimeouts[m[K‚Äô is not a static data member of ‚Äò[01m[Kclass CSerialPort[m[K‚Äô
   69 | bool [01;31m[KCSerialPort[m[K::SetCommunicationTimeouts(DWORD ReadIntervalTimeout,
      |      [01;31m[K^~~~~~~~~~~[m[K
[01m[K/home/theo/ros2_workspace/src/my_package/src/arduino_publisher.cpp:69:44:[m[K [01;31m[Kerror: [m[K‚Äò[01m[KDWORD[m[K‚Äô was not declared in this scope
   69 | lPort::SetCommunicationTimeouts([01;31m[KDWORD[m[K ReadIntervalTimeout,
      |                                 [01;31m[K^~~~~[m[K

[01m[K/home/theo/ros2_workspace/src/my_package/src/arduino_publisher.cpp:70:9:[m[K [01;31m[Kerror: [m[K‚Äò[01m[KDWORD[m[K‚Äô was not declared in this scope
   70 |         [01;31m[KDWORD[m[K ReadTotalTimeoutMultiplier, DWORD ReadTotalTimeoutConstant,
      |         [01;31m[K^~~~~[m[K
[01m[K/home/theo/ros2_workspace/src/my_package/src/arduino_publisher.cpp:70:43:[m[K [01;31m[Kerror: [m[K‚Äò[01m[KDWORD[m[K‚Äô was not declared in this scope
   70 | ORD ReadTotalTimeoutMultiplier, [01;31m[KDWORD[m[K ReadTotalTimeoutConstant,
      |                                 [01;31m[K^~~~~[m[K

[01m[K/home/theo/ros2_workspace/src/my_package/src/arduino_publisher.cpp:71:9:[m[K [01;31m[Kerror: [m[K‚Äò[01m[KDWORD[m[K‚Äô was not declared in this scope
   71 |         [01;31m[KDWORD[m[K WriteTotalTimeoutMultiplier, DWORD WriteTotalTimeoutConstant)
      |         [01;31m[K^~~~~[m[K
[01m[K/home/theo/ros2_workspace/src/my_package/src/arduino_publisher.cpp:71:44:[m[K [01;31m[Kerror: [m[K‚Äò[01m[KDWORD[m[K‚Äô was not declared in this scope
   71 | RD WriteTotalTimeoutMultiplier, [01;31m[KDWORD[m[K WriteTotalTimeoutConstant)
      |                                 [01;31m[K^~~~~[m[K

[01m[K/home/theo/ros2_workspace/src/my_package/src/arduino_publisher.cpp:71:75:[m[K [01;31m[Kerror: [m[Kexpression list treated as compound expression in initializer [[01;31m[K-fpermissive[m[K]
   71 |  DWORD WriteTotalTimeoutConstant[01;31m[K)[m[K
      |                                 [01;31m[K^[m[K

[01m[K/home/theo/ros2_workspace/src/my_package/src/arduino_publisher.cpp:94:6:[m[K [01;31m[Kerror: [m[K‚Äò[01m[Kbool CSerialPort::WriteByte[m[K‚Äô is not a static data member of ‚Äò[01m[Kclass CSerialPort[m[K‚Äô
   94 | bool [01;31m[KCSerialPort[m[K::WriteByte(BYTE bybyte)
      |      [01;31m[K^~~~~~~~~~~[m[K
[01m[K/home/theo/ros2_workspace/src/my_package/src/arduino_publisher.cpp:94:29:[m[K [01;31m[Kerror: [m[K‚Äò[01m[KBYTE[m[K‚Äô was not declared in this scope
   94 | bool CSerialPort::WriteByte([01;31m[KBYTE[m[K bybyte)
      |                             [01;31m[K^~~~[m[K
[01m[K/home/theo/ros2_workspace/src/my_package/src/arduino_publisher.cpp:103:6:[m[K [01;31m[Kerror: [m[K‚Äò[01m[Kbool CSerialPort::ReadByte[m[K‚Äô is not a static data member of ‚Äò[01m[Kclass CSerialPort[m[K‚Äô
  103 | bool [01;31m[KCSerialPort[m[K::ReadByte(BYTE &resp)
      |      [01;31m[K^~~~~~~~~~~[m[K
[01m[K/home/theo/ros2_workspace/src/my_package/src/arduino_publisher.cpp:103:28:[m[K [01;31m[Kerror: [m[K‚Äò[01m[KBYTE[m[K‚Äô was not declared in this scope
  103 | bool CSerialPort::ReadByte([01;31m[KBYTE[m[K &resp)
      |                            [01;31m[K^~~~[m[K
[01m[K/home/theo/ros2_workspace/src/my_package/src/arduino_publisher.cpp:103:34:[m[K [01;31m[Kerror: [m[K‚Äò[01m[Kresp[m[K‚Äô was not declared in this scope
  103 | bool CSerialPort::ReadByte(BYTE &[01;31m[Kresp[m[K)
      |                                  [01;31m[K^~~~[m[K
[01m[K/home/theo/ros2_workspace/src/my_package/src/arduino_publisher.cpp:122:6:[m[K [01;31m[Kerror: [m[K‚Äò[01m[Kbool CSerialPort::ReadByte[m[K‚Äô is not a static data member of ‚Äò[01m[Kclass CSerialPort[m[K‚Äô
  122 | bool [01;31m[KCSerialPort[m[K::ReadByte(BYTE* &resp, UINT size)
      |      [01;31m[K^~~~~~~~~~~[m[K
[01m[K/home/theo/ros2_workspace/src/my_package/src/arduino_publisher.cpp:122:28:[m[K [01;31m[Kerror: [m[K‚Äò[01m[KBYTE[m[K‚Äô was not declared in this scope
  122 | bool CSerialPort::ReadByte([01;31m[KBYTE[m[K* &resp, UINT size)
      |                            [01;31m[K^~~~[m[K
[01m[K/home/theo/ros2_workspace/src/my_package/src/arduino_publisher.cpp:122:35:[m[K [01;31m[Kerror: [m[K‚Äò[01m[Kresp[m[K‚Äô was not declared in this scope
  122 | ol CSerialPort::ReadByte(BYTE* &[01;31m[Kresp[m[K, UINT size)
      |                                 [01;31m[K^~~~[m[K

[01m[K/home/theo/ros2_workspace/src/my_package/src/arduino_publisher.cpp:122:41:[m[K [01;31m[Kerror: [m[K‚Äò[01m[KUINT[m[K‚Äô was not declared in this scope
  122 | ol CSerialPort::ReadByte(BYTE* &resp, [01;31m[KUINT[m[K size)
      |                                       [01;31m[K^~~~[m[K

[01m[K/home/theo/ros2_workspace/src/my_package/src/arduino_publisher.cpp:122:50:[m[K [01;31m[Kerror: [m[Kexpression list treated as compound expression in initializer [[01;31m[K-fpermissive[m[K]
  122 | :ReadByte(BYTE* &resp, UINT size[01;31m[K)[m[K
      |                                 [01;31m[K^[m[K

[01m[K/home/theo/ros2_workspace/src/my_package/src/arduino_publisher.cpp:[m[K In member function ‚Äò[01m[Kvoid CSerialPort::ClosePort()[m[K‚Äô:
[01m[K/home/theo/ros2_workspace/src/my_package/src/arduino_publisher.cpp:137:17:[m[K [01;31m[Kerror: [m[K‚Äò[01m[Km_hComm[m[K‚Äô was not declared in this scope
  137 |     CloseHandle([01;31m[Km_hComm[m[K);
      |                 [01;31m[K^~~~~~~[m[K
[01m[K/home/theo/ros2_workspace/src/my_package/src/arduino_publisher.cpp:137:5:[m[K [01;31m[Kerror: [m[K‚Äò[01m[KCloseHandle[m[K‚Äô was not declared in this scope
  137 |     [01;31m[KCloseHandle[m[K(m_hComm);
      |     [01;31m[K^~~~~~~~~~~[m[K
[01m[K/home/theo/ros2_workspace/src/my_package/src/arduino_publisher.cpp:[m[K At global scope:
[01m[K/home/theo/ros2_workspace/src/my_package/src/arduino_publisher.cpp:141:7:[m[K [01;31m[Kerror: [m[Kredefinition of ‚Äò[01m[Kclass CSerialPort[m[K‚Äô
  141 | class [01;31m[KCSerialPort[m[K
      |       [01;31m[K^~~~~~~~~~~[m[K
In file included from [01m[K/home/theo/ros2_workspace/src/my_package/src/arduino_publisher.cpp:1[m[K:
[01m[K/home/theo/ros2_workspace/src/my_package/src/SerialPort.h:1:7:[m[K [01;36m[Knote: [m[Kprevious definition of ‚Äò[01m[Kclass CSerialPort[m[K‚Äô
    1 | class [01;36m[KCSerialPort[m[K
      |       [01;36m[K^~~~~~~~~~~[m[K
[01m[K/home/theo/ros2_workspace/src/my_package/src/arduino_publisher.cpp:172:13:[m[K [01;31m[Kerror: [m[Kexpected initializer before ‚Äò[01m[K_serial[m[K‚Äô
  172 | CSerialPort [01;31m[K_serial[m[K;
      |             [01;31m[K^~~~~~~[m[K
[01m[K/home/theo/ros2_workspace/src/my_package/src/arduino_publisher.cpp:174:1:[m[K [01;31m[Kerror: [m[Kexpected unqualified-id before ‚Äò[01m[Kif[m[K‚Äô
  174 | [01;31m[Kif[m[K(_serial.OpenPort(L"COM4"))   // Ïã§Ï†ú ÏÇ¨Ïö©Îê† COM Port Î•º ÎÑ£Ïñ¥ÏïºÌï©ÎãàÎã§.
      | [01;31m[K^~[m[K
[01m[K/home/theo/ros2_workspace/src/my_package/src/arduino_publisher.cpp:198:1:[m[K [01;31m[Kerror: [m[K‚Äò[01m[K_serial[m[K‚Äô does not name a type
  198 | [01;31m[K_serial[m[K.ClosePort();
      | [01;31m[K^~~~~~~[m[K
make[2]: *** [CMakeFiles/arduino_publisher.dir/build.make:63: CMakeFiles/arduino_publisher.dir/src/arduino_publisher.cpp.o] Error 1
make[1]: *** [CMakeFiles/Makefile2:78: CMakeFiles/arduino_publisher.dir/all] Error 2
make: *** [Makefile:141: all] Error 2
